2020-08-23  17:43:33 Sun Investment&DecisionAdvisorV3.0 	INFO  '/Users/tangzekun/Desktop/KunCloud/Coding_Projects/Investment_Decision_AdvisorV3.0_Git/parser/collect_proxy_IP.py/collect_web_content()'  Collected https://ip.jiangxianli.com/?page=1&anonymity=2

2020-08-23  17:43:38 Sun Investment&DecisionAdvisorV3.0 	INFO  '/Users/tangzekun/Desktop/KunCloud/Coding_Projects/Investment_Decision_AdvisorV3.0_Git/parser/collect_proxy_IP.py/collect_web_content()'  Collected https://www.kuaidaili.com/free/inha/1/

2020-08-23  17:43:50 Sun Investment&DecisionAdvisorV3.0 	INFO  '/Users/tangzekun/Desktop/KunCloud/Coding_Projects/Investment_Decision_AdvisorV3.0_Git/parser/collect_proxy_IP.py/collect_web_content()'  Collected http://www.xiladaili.com/gaoni/1/

2020-08-23  17:43:55 Sun Investment&DecisionAdvisorV3.0 	ERROR  '/Users/tangzekun/Desktop/KunCloud/Coding_Projects/Investment_Decision_AdvisorV3.0_Git/parser/collect_proxy_IP.py/operate()'  IP_proxy  INSERT INTO IP_availability(ip_address,is_anonymous,is_available,type,submission_date)VALUES ('125.71.217.91:63000','1','1','HTTP','2020-08-23')  (1062, "Duplicate entry '125.71.217.91:63000' for key 'PRIMARY'")

2020-08-23  17:44:13 Sun Investment&DecisionAdvisorV3.0 	INFO  '/Users/tangzekun/Desktop/KunCloud/Coding_Projects/Investment_Decision_AdvisorV3.0_Git/parser/collect_proxy_IP.py/collect_web_content()'  Collected http://ip.yqie.com/proxygaoni/index_1.htm

2020-08-23  17:44:16 Sun Investment&DecisionAdvisorV3.0 	INFO  '/Users/tangzekun/Desktop/KunCloud/Coding_Projects/Investment_Decision_AdvisorV3.0_Git/parser/collect_proxy_IP.py/collect_web_content()'  Collected http://www.66ip.cn/1.html

2020-08-23  18:50:23 Sun Investment&DecisionAdvisorV3.0 	INFO  '/Users/tangzekun/Desktop/KunCloud/Coding_Projects/Investment_Decision_AdvisorV3.0_Git/parser/collect_proxy_IP.py/collect_web_content()'  Collected https://ip.jiangxianli.com/?page=1&anonymity=2

2020-08-23  18:50:28 Sun Investment&DecisionAdvisorV3.0 	INFO  '/Users/tangzekun/Desktop/KunCloud/Coding_Projects/Investment_Decision_AdvisorV3.0_Git/parser/collect_proxy_IP.py/collect_web_content()'  Collected https://www.kuaidaili.com/free/inha/1/

2020-08-23  18:50:31 Sun Investment&DecisionAdvisorV3.0 	ERROR  '/Users/tangzekun/Desktop/KunCloud/Coding_Projects/Investment_Decision_AdvisorV3.0_Git/parser/collect_proxy_IP.py/parse_web_content()'  http://www.xiladaili.com/gaoni/1/  timed out

2020-08-23  18:50:31 Sun Investment&DecisionAdvisorV3.0 	ERROR  '/Users/tangzekun/Desktop/KunCloud/Coding_Projects/Investment_Decision_AdvisorV3.0_Git/parser/collect_proxy_IP.py/collect_web_content()'  http://www.xiladaili.com/gaoni/1/  local variable 'soup' referenced before assignment

2020-08-23  18:50:43 Sun Investment&DecisionAdvisorV3.0 	ERROR  '/Users/tangzekun/Desktop/KunCloud/Coding_Projects/Investment_Decision_AdvisorV3.0_Git/parser/collect_proxy_IP.py/operate()'  parser_component  INSERT INTO IP_availability(ip_address,is_anonymous,is_available,type,submission_date)VALUES ('125.71.217.91:63000','1','1','HTTPS','2020-08-23')  (1062, "Duplicate entry '125.71.217.91:63000' for key 'PRIMARY'")

2020-08-23  18:50:53 Sun Investment&DecisionAdvisorV3.0 	INFO  '/Users/tangzekun/Desktop/KunCloud/Coding_Projects/Investment_Decision_AdvisorV3.0_Git/parser/collect_proxy_IP.py/collect_web_content()'  Collected http://ip.yqie.com/proxygaoni/index_1.htm

2020-08-23  18:50:57 Sun Investment&DecisionAdvisorV3.0 	INFO  '/Users/tangzekun/Desktop/KunCloud/Coding_Projects/Investment_Decision_AdvisorV3.0_Git/parser/collect_proxy_IP.py/collect_web_content()'  Collected http://www.66ip.cn/1.html

2020-08-23  20:03:25 Sun Investment&DecisionAdvisorV3.0 	ERROR  '/Users/tangzekun/Desktop/KunCloud/Coding_Projects/Investment_Decision_AdvisorV3.0_Git/parser/generate_save_user_agent.py/generate_and_save_user_agent()'  Inserted 2000 fake UAs into database

2020-08-23  20:03:56 Sun Investment&DecisionAdvisorV3.0 	INFO  '/Users/tangzekun/Desktop/KunCloud/Coding_Projects/Investment_Decision_AdvisorV3.0_Git/parser/generate_save_user_agent.py/generate_and_save_user_agent()'  Inserted 2000 fake UAs into database

2020-08-23  20:10:33 Sun Investment&DecisionAdvisorV3.0 	INFO  '/Users/tangzekun/Desktop/KunCloud/Coding_Projects/Investment_Decision_AdvisorV3.0_Git/parser/generate_save_user_agent.py/generate_and_save_user_agent()'  Inserted 2000 fake UAs into database

2020-08-23  20:11:25 Sun Investment&DecisionAdvisorV3.0 	INFO  '/Users/tangzekun/Desktop/KunCloud/Coding_Projects/Investment_Decision_AdvisorV3.0_Git/parser/generate_save_user_agent.py/deleted_outdated_user_agent()'  DELETE all fake UAs from database

2020-08-23  20:13:04 Sun Investment&DecisionAdvisorV3.0 	ERROR  '/Users/tangzekun/Desktop/KunCloud/Coding_Projects/Investment_Decision_AdvisorV3.0_Git/parser/generate_save_user_agent.py/operate()'  parser_component  DELETE FROM IF EXISTS fake_user_agent  (1064, "You have an error in your SQL syntax; check the manual that corresponds to your MySQL server version for the right syntax to use near 'IF EXISTS fake_user_agent' at line 1")

2020-08-23  20:13:04 Sun Investment&DecisionAdvisorV3.0 	INFO  '/Users/tangzekun/Desktop/KunCloud/Coding_Projects/Investment_Decision_AdvisorV3.0_Git/parser/generate_save_user_agent.py/deleted_outdated_user_agent()'  DELETE all fake UAs from database

2020-08-23  20:15:59 Sun Investment&DecisionAdvisorV3.0 	ERROR  '/Users/tangzekun/Desktop/KunCloud/Coding_Projects/Investment_Decision_AdvisorV3.0_Git/parser/generate_save_user_agent.py/operate()'  parser_component  DELETE FROM IF EXISTS fake_user_agent  (1064, "You have an error in your SQL syntax; check the manual that corresponds to your MySQL server version for the right syntax to use near 'IF EXISTS fake_user_agent' at line 1")

2020-08-23  20:15:59 Sun Investment&DecisionAdvisorV3.0 	INFO  '/Users/tangzekun/Desktop/KunCloud/Coding_Projects/Investment_Decision_AdvisorV3.0_Git/parser/generate_save_user_agent.py/deleted_outdated_user_agent()'  DELETE all fake UAs from database

2020-08-23  20:16:01 Sun Investment&DecisionAdvisorV3.0 	INFO  '/Users/tangzekun/Desktop/KunCloud/Coding_Projects/Investment_Decision_AdvisorV3.0_Git/parser/generate_save_user_agent.py/generate_and_save_user_agent()'  Inserted 2000 fake UAs into database

2020-08-23  20:51:41 Sun Investment&DecisionAdvisorV3.0 	INFO  '/Users/tangzekun/Desktop/KunCloud/Coding_Projects/Investment_Decision_AdvisorV3.0_Git/parser/disguise.py/get_one_IP_UA()'  Get one IP and one UA from database

